<?xml version="1.0" encoding="UTF-8"?>
<!-- Generated by org.testng.reporters.JUnitReportReporter -->
<testsuite hostname="DESKTOP-KG4A2AE" name="com.selenium.base.BaseClass" tests="1" failures="0" timestamp="23 Jul 2017 06:04:59 GMT" time="1.954" errors="0">
  <testcase name="returnXpath" time="1.954" classname="com.selenium.base.BaseClass"/>
</testsuite>
